<?xml version="1.0" encoding="UTF-8" standalone="no"?><testsuite errors="0" failures="10" name="Airplane Registration Form Validation" skipped="0" tests="12" time="0.77" timestamp="2024-11-20 04:02:58"><testcase name="Validate airplane type field constraints"><failure message="Expected:  that is equal to: &lt;&quot;El tipo de avión debe tener entre 2 y 50 caracteres&quot;&gt;&#10;Actual:   &lt;&quot;&quot;&gt;" type="java.lang.AssertionError">Expected:  that is equal to: &lt;"El tipo de avión debe tener entre 2 y 50 caracteres"&gt;
Actual:   &lt;""&gt;</failure><system-err>Expected:  that is equal to: &lt;"El tipo de avión debe tener entre 2 y 50 caracteres"&gt;
Actual:   &lt;""&gt;&#13;
co.com.udea.calidad.fabricaEscuela.stepdefinitions.AirplaneRegistrationStepDefinition.iShouldSeeAnErrorMessageForTheField(AirplaneRegistrationStepDefinition.java:64)&#13;
worker.org.gradle.process.internal.worker.GradleWorkerMain.run(GradleWorkerMain.java:69)&#13;
worker.org.gradle.process.internal.worker.GradleWorkerMain.main(GradleWorkerMain.java:74)&#13;
</system-err></testcase><testcase name="Validate seat capacity field constraints"><failure message="Expected:  that is equal to: &lt;&quot;La capacidad debe ser un número entre 50 y 800&quot;&gt;&#10;Actual:   &lt;&quot;&quot;&gt;" type="java.lang.AssertionError">Expected:  that is equal to: &lt;"La capacidad debe ser un número entre 50 y 800"&gt;
Actual:   &lt;""&gt;</failure><system-err>Expected:  that is equal to: &lt;"La capacidad debe ser un número entre 50 y 800"&gt;
Actual:   &lt;""&gt;&#13;
co.com.udea.calidad.fabricaEscuela.stepdefinitions.AirplaneRegistrationStepDefinition.iShouldSeeAnErrorMessageForTheField(AirplaneRegistrationStepDefinition.java:67)&#13;
worker.org.gradle.process.internal.worker.GradleWorkerMain.run(GradleWorkerMain.java:69)&#13;
worker.org.gradle.process.internal.worker.GradleWorkerMain.main(GradleWorkerMain.java:74)&#13;
</system-err></testcase><testcase name="Validate seat distribution selection"><failure message="Expected: Seat distribution button 2-4-2 is selected that is true&#10;Actual:   false" type="java.lang.AssertionError">Expected: Seat distribution button 2-4-2 is selected that is true
Actual:   false</failure><system-err>Expected: Seat distribution button 2-4-2 is selected that is true
Actual:   false&#13;
co.com.udea.calidad.fabricaEscuela.stepdefinitions.AirplaneRegistrationStepDefinition.theOptionShouldBeSelected(AirplaneRegistrationStepDefinition.java:82)&#13;
worker.org.gradle.process.internal.worker.GradleWorkerMain.run(GradleWorkerMain.java:69)&#13;
worker.org.gradle.process.internal.worker.GradleWorkerMain.main(GradleWorkerMain.java:74)&#13;
</system-err></testcase><testcase name="Validate airplane ID field constraints"/><testcase name="Successful airplane registration with valid data"><failure message="Expected:  that is equal to: &lt;&quot;El avión ha sido registrado correctamente&quot;&gt;&#10;Actual:   &lt;&quot;&quot;&gt;" type="java.lang.AssertionError">Expected:  that is equal to: &lt;"El avión ha sido registrado correctamente"&gt;
Actual:   &lt;""&gt;</failure><system-err>Expected:  that is equal to: &lt;"El avión ha sido registrado correctamente"&gt;
Actual:   &lt;""&gt;&#13;
co.com.udea.calidad.fabricaEscuela.stepdefinitions.AirplaneRegistrationStepDefinition.iShouldSeeASuccessMessage(AirplaneRegistrationStepDefinition.java:77)&#13;
worker.org.gradle.process.internal.worker.GradleWorkerMain.run(GradleWorkerMain.java:69)&#13;
worker.org.gradle.process.internal.worker.GradleWorkerMain.main(GradleWorkerMain.java:74)&#13;
</system-err></testcase></testsuite>