<?xml version="1.0" encoding="UTF-8" standalone="no"?><testsuite errors="0" failures="0" name="Airplane Registration Form Validation" skipped="0" tests="12" time="3.68" timestamp="2024-11-20 06:15:49"><testcase name="Validate airplane type field constraints"/><testcase name="Validate seat capacity field constraints"/><testcase name="Validate seat distribution selection"/><testcase name="Validate airplane ID field constraints"/><testcase name="Successful airplane registration with valid data"/></testsuite>